FATAL 2020-11-28 15:50:12,579  1421ms BotPuroSqlServer       - Eoooooooooooo
WARN  2020-11-28 15:50:12,668  1510ms BotPuroSqlServer       - Eoooooooo
ERROR 2020-11-28 15:50:12,669  1511ms BotPuroSqlServer       - Eoooooooooooo
WARN  2020-11-28 16:31:29,902 22689ms BotPuroSqlServer       - eoooo
WARN  2020-11-30 12:18:03,478  1807ms BotPuroSqlServer       - hola
FATAL 2020-11-30 12:18:03,572  1901ms BotPuroSqlServer       - hola
ERROR 2020-11-30 12:18:03,573  1902ms BotPuroSqlServer       - hola
WARN  2020-11-30 12:18:04,152  2481ms BotPuroSqlServer       - hola
FATAL 2020-11-30 12:18:04,153  2481ms BotPuroSqlServer       - hola
ERROR 2020-11-30 12:18:04,153  2481ms BotPuroSqlServer       - hola
WARN  2020-11-30 12:18:04,157  2486ms BotPuroSqlServer       - hola
FATAL 2020-11-30 12:18:04,158  2486ms BotPuroSqlServer       - hola
ERROR 2020-11-30 12:18:04,158  2486ms BotPuroSqlServer       - hola
WARN  2020-11-30 12:18:04,168  2497ms BotPuroSqlServer       - hola
FATAL 2020-11-30 12:18:04,169  2497ms BotPuroSqlServer       - hola
ERROR 2020-11-30 12:18:04,169  2498ms BotPuroSqlServer       - hola
WARN  2020-11-30 12:18:50,742 49071ms BotPuroSqlServer       - hola
FATAL 2020-11-30 12:18:50,743 49072ms BotPuroSqlServer       - hola
ERROR 2020-11-30 12:18:50,743 49072ms BotPuroSqlServer       - hola
WARN  2020-11-30 12:24:08,105   943ms BotPuroSqlServer       - hola
FATAL 2020-11-30 12:24:08,143   981ms BotPuroSqlServer       - hola
ERROR 2020-11-30 12:24:08,144   981ms BotPuroSqlServer       - hola
WARN  2020-11-30 12:24:21,386 14223ms BotPuroSqlServer       - hola
FATAL 2020-11-30 12:24:21,387 14225ms BotPuroSqlServer       - hola
ERROR 2020-11-30 12:24:21,389 14226ms BotPuroSqlServer       - hola
