WARN  2021-02-28 08:11:39,248  6508ms BotVinculacion         - Existe ExecuteReader: Connection property has not been initialized.
WARN  2021-02-28 08:11:55,999 23259ms BotVinculacion         - Existe ExecuteReader: Connection property has not been initialized.
ERROR 2021-02-28 08:31:29,846  8461ms BotVinculacion         - ExecuteReader requires an open and available Connection. The connection's current state is closed.
ERROR 2021-02-28 08:31:32,141 10756ms BotVinculacion         - Error Horas totalesUnable to cast object of type 'System.DBNull' to type 'System.Int32'.
ERROR 2021-02-28 08:34:42,230  4434ms BotVinculacion         - ExecuteReader requires an open and available Connection. The connection's current state is closed.
ERROR 2021-02-28 08:34:44,038  6242ms BotVinculacion         - Error Horas totalesUnable to cast object of type 'System.DBNull' to type 'System.Int32'.
WARN  2021-02-28 10:05:52,033  1270ms BotVinculacion         - Error generando tokenUnable to cast object of type 'System.DBNull' to type 'System.String'.
ERROR 2021-02-28 10:05:54,978  4215ms BotVinculacion         - Get id Index was outside the bounds of the array.
WARN  2021-02-28 23:37:54,080 20580ms BotVinculacion         - Error generando tokenUnable to cast object of type 'System.DBNull' to type 'System.String'.
ERROR 2021-02-28 23:37:56,569 23069ms BotVinculacion         - Get id Index was outside the bounds of the array.
WARN  2021-02-28 23:46:11,692 14606ms BotVinculacion         - Error generando tokenUnable to cast object of type 'System.DBNull' to type 'System.String'.
ERROR 2021-02-28 23:46:13,868 16782ms BotVinculacion         - Get id Unable to cast object of type 'System.String' to type 'System.Int32'.
WARN  2021-02-28 23:57:31,621  3473ms BotVinculacion         - Error generando tokenUnable to cast object of type 'System.DBNull' to type 'System.String'.
ERROR 2021-02-28 23:57:33,804  5657ms BotVinculacion         - Get id Unable to cast object of type 'System.String' to type 'System.Int32'.
ERROR 2021-03-01 00:04:35,015 125695ms BotVinculacion         - Get id Unable to cast object of type 'System.String' to type 'System.Int32'.
ERROR 2021-03-01 00:07:12,244  8404ms BotVinculacion         - Get id Unable to cast object of type 'System.String' to type 'System.Int32'.
ERROR 2021-03-01 00:10:31,545 11653ms BotVinculacion         - Get id Unable to cast object of type 'System.String' to type 'System.Int32'.
ERROR 2021-03-01 00:11:33,607  4978ms BotVinculacion         - Get id Unable to cast object of type 'System.String' to type 'System.Int32'.
ERROR 2021-03-01 00:16:04,797 10429ms BotVinculacion         - Get id No data exists for the row/column.
ERROR 2021-03-01 00:17:46,206  9361ms BotVinculacion         - Get id Unable to cast object of type 'System.String' to type 'System.Int32'.
ERROR 2021-03-02 11:20:25,064 172499ms BotVinculacion         - Get id Unable to cast object of type 'System.String' to type 'System.Int32'.
ERROR 2021-03-02 16:50:23,663   770ms BotVinculacion         - Error en database ExisteDb ERROR [HY090] [Microsoft][ODBC Microsoft Access Driver]Invalid string or buffer length 
ERROR 2021-03-02 16:50:23,784   891ms BotVinculacion         - Error en estadoDb ERROR [HY090] [Microsoft][ODBC Microsoft Access Driver]Invalid string or buffer length 
ERROR 2021-03-02 16:50:23,945  1053ms BotVinculacion         - Error en database ExisteDb ERROR [HY090] [Microsoft][ODBC Microsoft Access Driver]Invalid string or buffer length 
ERROR 2021-03-02 16:50:24,021  1128ms BotVinculacion         - Error en estadoDb ERROR [HY090] [Microsoft][ODBC Microsoft Access Driver]Invalid string or buffer length 
ERROR 2021-03-02 16:50:24,116  1223ms BotVinculacion         - Error en database ExisteDb ERROR [HY090] [Microsoft][ODBC Microsoft Access Driver]Invalid string or buffer length 
ERROR 2021-03-02 16:50:24,195  1302ms BotVinculacion         - Error en estadoDb ERROR [HY090] [Microsoft][ODBC Microsoft Access Driver]Invalid string or buffer length 
ERROR 2021-03-02 16:50:24,287  1394ms BotVinculacion         - Error en database ExisteDb ERROR [HY090] [Microsoft][ODBC Microsoft Access Driver]Invalid string or buffer length 
ERROR 2021-03-02 16:50:24,371  1479ms BotVinculacion         - Error en estadoDb ERROR [HY090] [Microsoft][ODBC Microsoft Access Driver]Invalid string or buffer length 
ERROR 2021-03-02 16:50:24,458  1565ms BotVinculacion         - Error en database ExisteDb ERROR [HY090] [Microsoft][ODBC Microsoft Access Driver]Invalid string or buffer length 
ERROR 2021-03-02 16:50:24,579  1687ms BotVinculacion         - Error en estadoDb ERROR [HY090] [Microsoft][ODBC Microsoft Access Driver]Invalid string or buffer length 
ERROR 2021-03-02 16:50:24,671  1778ms BotVinculacion         - Error en database ExisteDb ERROR [HY090] [Microsoft][ODBC Microsoft Access Driver]Invalid string or buffer length 
ERROR 2021-03-02 16:50:24,754  1861ms BotVinculacion         - Error en estadoDb ERROR [HY090] [Microsoft][ODBC Microsoft Access Driver]Invalid string or buffer length 
ERROR 2021-03-02 16:50:24,832  1940ms BotVinculacion         - Error en database ExisteDb ERROR [HY090] [Microsoft][ODBC Microsoft Access Driver]Invalid string or buffer length 
ERROR 2021-03-02 16:50:24,910  2017ms BotVinculacion         - Error en estadoDb ERROR [HY090] [Microsoft][ODBC Microsoft Access Driver]Invalid string or buffer length 
ERROR 2021-03-02 16:50:24,991  2099ms BotVinculacion         - Error en database ExisteDb ERROR [HY090] [Microsoft][ODBC Microsoft Access Driver]Invalid string or buffer length 
ERROR 2021-03-02 16:50:25,085  2192ms BotVinculacion         - Error en estadoDb ERROR [HY090] [Microsoft][ODBC Microsoft Access Driver]Invalid string or buffer length 
ERROR 2021-03-02 16:50:25,199  2306ms BotVinculacion         - Error en database ExisteDb ERROR [HY090] [Microsoft][ODBC Microsoft Access Driver]Invalid string or buffer length 
ERROR 2021-03-02 16:50:25,276  2384ms BotVinculacion         - Error en estadoDb ERROR [HY090] [Microsoft][ODBC Microsoft Access Driver]Invalid string or buffer length 
ERROR 2021-03-02 16:50:25,367  2474ms BotVinculacion         - Error en database ExisteDb ERROR [HY090] [Microsoft][ODBC Microsoft Access Driver]Invalid string or buffer length 
ERROR 2021-03-02 16:50:25,442  2549ms BotVinculacion         - Error en estadoDb ERROR [HY090] [Microsoft][ODBC Microsoft Access Driver]Invalid string or buffer length 
ERROR 2021-03-02 16:51:42,731 79838ms BotVinculacion         - Get id Unable to cast object of type 'System.String' to type 'System.Int32'.
ERROR 2021-03-04 00:12:36,176  1058ms BotVinculacion         - System.ArgumentException: Column 'Confirmado' does not belong to table .
   at System.Data.DataRow.GetDataColumn(String columnName)
   at System.Data.DataRow.get_Item(String columnName)
   at BotVinculacionUnitec.AccesDB.CuentaVerificadaDb(String numeroCuenta) in C:\Users\JOHNNIE\Documents\GitHub\Bot-Vinculacion\Bot\BotPuroSqlServer\AccesDB.cs:line 641
ERROR 2021-03-04 00:13:04,481 29364ms BotVinculacion         - System.ArgumentException: Column 'Confirmado' does not belong to table .
   at System.Data.DataRow.GetDataColumn(String columnName)
   at System.Data.DataRow.get_Item(String columnName)
   at BotVinculacionUnitec.AccesDB.CuentaVerificadaDb(String numeroCuenta) in C:\Users\JOHNNIE\Documents\GitHub\Bot-Vinculacion\Bot\BotPuroSqlServer\AccesDB.cs:line 641
ERROR 2021-03-04 00:16:08,544 12061ms BotVinculacion         - System.ArgumentException: Column 'Confirmado' does not belong to table .
   at System.Data.DataRow.GetDataColumn(String columnName)
   at System.Data.DataRow.get_Item(String columnName)
   at BotVinculacionUnitec.AccesDB.CuentaVerificadaDb(String numeroCuenta) in C:\Users\JOHNNIE\Documents\GitHub\Bot-Vinculacion\Bot\BotPuroSqlServer\AccesDB.cs:line 641
ERROR 2021-03-04 00:16:30,441 33957ms BotVinculacion         - System.ArgumentException: Column 'P_Apelido' does not belong to table .
   at System.Data.DataRow.GetDataColumn(String columnName)
   at System.Data.DataRow.get_Item(String columnName)
   at BotVinculacionUnitec.AccesDB.GetCuentaDb(String Cuenta) in C:\Users\JOHNNIE\Documents\GitHub\Bot-Vinculacion\Bot\BotPuroSqlServer\AccesDB.cs:line 362
ERROR 2021-03-04 00:19:48,778  5071ms BotVinculacion         - System.ArgumentException: Column 'Confirmado' does not belong to table .
   at System.Data.DataRow.GetDataColumn(String columnName)
   at System.Data.DataRow.get_Item(String columnName)
   at BotVinculacionUnitec.AccesDB.CuentaVerificadaDb(String numeroCuenta) in C:\Users\JOHNNIE\Documents\GitHub\Bot-Vinculacion\Bot\BotPuroSqlServer\AccesDB.cs:line 641
ERROR 2021-03-04 00:20:30,482 46775ms BotVinculacion         - System.ArgumentException: Column 'P_Apelido' does not belong to table .
   at System.Data.DataRow.GetDataColumn(String columnName)
   at System.Data.DataRow.get_Item(String columnName)
   at BotVinculacionUnitec.AccesDB.GetCuentaDb(String Cuenta) in C:\Users\JOHNNIE\Documents\GitHub\Bot-Vinculacion\Bot\BotPuroSqlServer\AccesDB.cs:line 362
ERROR 2021-03-04 00:21:37,267 113560ms BotVinculacion         - System.ArgumentException: Column 'P_Apelido' does not belong to table .
   at System.Data.DataRow.GetDataColumn(String columnName)
   at System.Data.DataRow.get_Item(String columnName)
   at BotVinculacionUnitec.AccesDB.GetCuentaDb(String Cuenta) in C:\Users\JOHNNIE\Documents\GitHub\Bot-Vinculacion\Bot\BotPuroSqlServer\AccesDB.cs:line 362
ERROR 2021-03-04 00:45:21,180 24755ms BotVinculacion         - System.ArgumentException: Column 'P_Apelido' does not belong to table .
   at System.Data.DataRow.GetDataColumn(String columnName)
   at System.Data.DataRow.get_Item(String columnName)
   at BotVinculacionUnitec.AccesDB.GetCuentaDb(String Cuenta) in C:\Users\JOHNNIE\Documents\GitHub\Bot-Vinculacion\Bot\BotPuroSqlServer\AccesDB.cs:line 366
ERROR 2021-03-04 00:51:17,945 381519ms BotVinculacion         - System.ArgumentException: Column 'P_Apelido' does not belong to table .
   at System.Data.DataRow.GetDataColumn(String columnName)
   at System.Data.DataRow.get_Item(String columnName)
   at BotVinculacionUnitec.AccesDB.GetCuentaDb(String Cuenta) in C:\Users\JOHNNIE\Documents\GitHub\Bot-Vinculacion\Bot\BotPuroSqlServer\AccesDB.cs:line 366
ERROR 2021-03-04 00:56:20,509 684084ms BotVinculacion         - System.ArgumentException: Column 'Confirmado' does not belong to table .
   at System.Data.DataRow.GetDataColumn(String columnName)
   at System.Data.DataRow.get_Item(String columnName)
   at BotVinculacionUnitec.AccesDB.CuentaVerificadaDb(String numeroCuenta) in C:\Users\JOHNNIE\Documents\GitHub\Bot-Vinculacion\Bot\BotPuroSqlServer\AccesDB.cs:line 645
ERROR 2021-03-04 00:56:44,103 707677ms BotVinculacion         - System.ArgumentException: Column 'P_Apelido' does not belong to table .
   at System.Data.DataRow.GetDataColumn(String columnName)
   at System.Data.DataRow.get_Item(String columnName)
   at BotVinculacionUnitec.AccesDB.GetCuentaDb(String Cuenta) in C:\Users\JOHNNIE\Documents\GitHub\Bot-Vinculacion\Bot\BotPuroSqlServer\AccesDB.cs:line 366
